<?xml version="1.0" encoding="UTF-8"?>
<testsuite xmlns:xsi="http://www.w3.org/2001/XMLSchema-instance" xsi:noNamespaceSchemaLocation="https://maven.apache.org/surefire/maven-surefire-plugin/xsd/surefire-test-report-3.0.xsd" version="3.0" name="com.jdev.AppTest" time="2.31" tests="1" errors="0" skipped="0" failures="0">
  <properties>
[...]
</properties>
  <testcase name="contextLoads" classname="com.jdev.AppTest" time="0.662">
    <system-out><![CDATA[17:50:12.713 [main] INFO org.springframework.test.context.support.AnnotationConfigContextLoaderUtils -- Could not detect default configuration classes for test class [com.jdev.AppTest]: AppTest does not declare any static, non-private, non-final, nested classes annotated with @Configuration.
17:50:12.810 [main] INFO org.springframework.boot.test.context.SpringBootTestContextBootstrapper -- Found @SpringBootConfiguration com.jdev.App for test class com.jdev.AppTest

  .   ____          _            __ _ _
 /\\ / ___'_ __ _ _(_)_ __  __ _ \ \ \ \
( ( )\___ | '_ | '_| | '_ \/ _` | \ \ \ \
 \\/  ___)| |_)| | | | | || (_| |  ) ) ) )
  '  |____| .__|_| |_|_| |_\__, | / / / /
 =========|_|==============|___/=/_/_/_/
 :: Spring Boot ::                (v3.1.0)

2023-09-02T17:50:13.208+05:30  INFO 11140 --- [           main] com.jdev.AppTest                         : Starting AppTest using Java 20.0.2 with PID 11140 (started by udayk in D:\jdev\explore-spring)
2023-09-02T17:50:13.210+05:30  INFO 11140 --- [           main] com.jdev.AppTest                         : No active profile set, falling back to 1 default profile: "default"
2023-09-02T17:50:13.770+05:30  INFO 11140 --- [           main] com.jdev.beans.BeanTest                  : Creating the BeanTest Object BeanTest{number=1, name='bean-test'}, count 1
2023-09-02T17:50:13.773+05:30  WARN 11140 --- [           main] com.jdev.beans.BeanTest                  : BeanTest is initialized BeanTest{number=1, name='bean-test'}
2023-09-02T17:50:13.774+05:30  INFO 11140 --- [           main] com.jdev.beans.LifeCycleTest             : LifeCycleTest, post construct is called
2023-09-02T17:50:14.047+05:30  INFO 11140 --- [           main] c.j.r.config.CustomInterceptorRegistry   : Adding InterprotrRegistry org.springframework.web.servlet.config.annotation.InterceptorRegistry@4ba02375
2023-09-02T17:50:14.154+05:30  INFO 11140 --- [           main] com.jdev.beans.LifeCycleTest             : LifeCycleTest checking isRunning...
2023-09-02T17:50:14.154+05:30  INFO 11140 --- [           main] com.jdev.beans.LifeCycleTest             : LifeCycleTest is started...
2023-09-02T17:50:14.164+05:30  INFO 11140 --- [           main] com.jdev.AppTest                         : Started AppTest in 1.208 seconds (process running for 2.034)
]]></system-out>
  </testcase>
</testsuite>